{
  "stats": {
    "suites": 3,
    "tests": 12,
    "passes": 12,
    "pending": 0,
    "failures": 0,
    "start": "2021-08-26T22:16:54.978Z",
    "end": "2021-08-26T22:16:55.029Z",
    "duration": 51,
    "testsRegistered": 12,
    "passPercent": 100,
    "pendingPercent": 0,
    "other": 0,
    "hasOther": false,
    "skipped": 0,
    "hasSkipped": false
  },
  "results": [
    {
      "uuid": "60a6b1bb-2ed4-4982-8a37-3c5458d5b2e3",
      "title": "",
      "fullFile": "",
      "file": "",
      "beforeHooks": [],
      "afterHooks": [],
      "tests": [],
      "suites": [
        {
          "uuid": "540d5f29-c839-45db-811d-0faec9b71ec6",
          "title": "User module",
          "fullFile": "C:\\Users\\Zeff\\Desktop\\Final\\GitReposity\\power-trading-based-on-block-chain\\PowerShop\\backend\\mocha_test.js",
          "file": "\\backend\\mocha_test.js",
          "beforeHooks": [],
          "afterHooks": [],
          "tests": [
            {
              "title": "User login",
              "fullTitle": "User module User login",
              "timedOut": false,
              "duration": 9,
              "state": "passed",
              "speed": "fast",
              "pass": true,
              "fail": false,
              "pending": false,
              "context": null,
              "code": "chai.request(url).post(\"/api/users/login\").set(\"Content-Type\", \"application/json\").send({ email: userInfo.email, password: userInfo.password })\n  .end(function (error, res) {\n    //console.log(JSON.stringify(res))\n    //console.log(\"wocao!!!!!!!!\"+JSON.stringify(JSON.parse(res.text)))\n    userInfo.token = JSON.parse(res.text).token;\n    console.log(\"Login token:\"+userInfo.token)\n    expect(res).to.have.status(200);\n  });",
              "err": {},
              "uuid": "80bdb016-19c9-4fb6-a4e3-e73a471fbba2",
              "parentUUID": "540d5f29-c839-45db-811d-0faec9b71ec6",
              "isHook": false,
              "skipped": false
            },
            {
              "title": "User profile update",
              "fullTitle": "User module User profile update",
              "timedOut": false,
              "duration": 2,
              "state": "passed",
              "speed": "fast",
              "pass": true,
              "fail": false,
              "pending": false,
              "context": null,
              "code": "chai.request(url).put(\"/api/users/profile/test@soton.ac.uk\")\n  .set(\"Authorization\", `Bearer ${userInfo.token}`)\n  .set(\"Content-Type\", \"application/json\")\n  .send(userInfo)\n  .end(function (error, res) {\n    //userInfo.token = JSON.parse(res.text).token;\n    console.log(\"profile update token:\"+userInfo.token)\n    expect(2).to.equal(2)\n    //expect(res).to.have.status(200);\n  });",
              "err": {},
              "uuid": "ea278a42-1250-4a15-904d-dd7f7c3cb6bf",
              "parentUUID": "540d5f29-c839-45db-811d-0faec9b71ec6",
              "isHook": false,
              "skipped": false
            }
          ],
          "suites": [],
          "passes": [
            "80bdb016-19c9-4fb6-a4e3-e73a471fbba2",
            "ea278a42-1250-4a15-904d-dd7f7c3cb6bf"
          ],
          "failures": [],
          "pending": [],
          "skipped": [],
          "duration": 11,
          "root": false,
          "rootEmpty": false,
          "_timeout": 2000
        },
        {
          "uuid": "aa3a60f5-7b79-408c-94fa-52c4eef8312a",
          "title": "Item browse module",
          "fullFile": "C:\\Users\\Zeff\\Desktop\\Final\\GitReposity\\power-trading-based-on-block-chain\\PowerShop\\backend\\mocha_test.js",
          "file": "\\backend\\mocha_test.js",
          "beforeHooks": [],
          "afterHooks": [],
          "tests": [
            {
              "title": "Power Market",
              "fullTitle": "Item browse module Power Market",
              "timedOut": false,
              "duration": 1,
              "state": "passed",
              "speed": "fast",
              "pass": true,
              "fail": false,
              "pending": false,
              "context": null,
              "code": "try {\n  chai.request(url)\n    .get('/api/products?category=power&keyword=&pageNumber')\n    .end(function (error, res) {\n      expect(res).to.have.status(200);\n    });\n} catch (error) {\n  console.log(\"11111111111\")\n}",
              "err": {},
              "uuid": "8f70537d-fe40-4078-ac54-f5131c6f8c40",
              "parentUUID": "aa3a60f5-7b79-408c-94fa-52c4eef8312a",
              "isHook": false,
              "skipped": false
            },
            {
              "title": "Gift Market",
              "fullTitle": "Item browse module Gift Market",
              "timedOut": false,
              "duration": 2,
              "state": "passed",
              "speed": "fast",
              "pass": true,
              "fail": false,
              "pending": false,
              "context": null,
              "code": "try {\n  chai.request(url)\n    .get('/api/products?category=gift&keyword=&pageNumber')\n    .end(function (error, res) {\n      expect(res).to.have.status(200);\n    });\n} catch (error) {\n  console.log(\"11111111111\")\n}",
              "err": {},
              "uuid": "8192e1d3-bef1-47e9-9efe-86d7ff6b9a3d",
              "parentUUID": "aa3a60f5-7b79-408c-94fa-52c4eef8312a",
              "isHook": false,
              "skipped": false
            },
            {
              "title": "Point Market",
              "fullTitle": "Item browse module Point Market",
              "timedOut": false,
              "duration": 2,
              "state": "passed",
              "speed": "fast",
              "pass": true,
              "fail": false,
              "pending": false,
              "context": null,
              "code": "try {\n  chai.request(url)\n    .get('/api/products?category=point&keyword=&pageNumber')\n    .end(function (error, res) {\n      expect(res).to.have.status(200);\n    });\n} catch (error) {\n  console.log(\"11111111111\")\n}",
              "err": {},
              "uuid": "fd274418-69ef-4f55-bc75-ee3fc883c953",
              "parentUUID": "aa3a60f5-7b79-408c-94fa-52c4eef8312a",
              "isHook": false,
              "skipped": false
            },
            {
              "title": "Product Detail",
              "fullTitle": "Item browse module Product Detail",
              "timedOut": false,
              "duration": 1,
              "state": "passed",
              "speed": "fast",
              "pass": true,
              "fail": false,
              "pending": false,
              "context": null,
              "code": "chai.request(url)\n  .get('/api/products/61231abf5781d75bead383ee')\n  .end(function (error, res) {\n    expect(res).to.have.status(200);\n  });",
              "err": {},
              "uuid": "867ad5d1-d2fa-4f6a-b2df-44091925ea1b",
              "parentUUID": "aa3a60f5-7b79-408c-94fa-52c4eef8312a",
              "isHook": false,
              "skipped": false
            }
          ],
          "suites": [],
          "passes": [
            "8f70537d-fe40-4078-ac54-f5131c6f8c40",
            "8192e1d3-bef1-47e9-9efe-86d7ff6b9a3d",
            "fd274418-69ef-4f55-bc75-ee3fc883c953",
            "867ad5d1-d2fa-4f6a-b2df-44091925ea1b"
          ],
          "failures": [],
          "pending": [],
          "skipped": [],
          "duration": 6,
          "root": false,
          "rootEmpty": false,
          "_timeout": 2000
        },
        {
          "uuid": "52483271-18af-4b29-9a94-7476382a8fb3",
          "title": "Consume Scenarios",
          "fullFile": "C:\\Users\\Zeff\\Desktop\\Final\\GitReposity\\power-trading-based-on-block-chain\\PowerShop\\backend\\mocha_test.js",
          "file": "\\backend\\mocha_test.js",
          "beforeHooks": [],
          "afterHooks": [],
          "tests": [
            {
              "title": "Buy Clean Power",
              "fullTitle": "Consume Scenarios Buy Clean Power",
              "timedOut": false,
              "duration": 1,
              "state": "passed",
              "speed": "fast",
              "pass": true,
              "fail": false,
              "pending": false,
              "context": null,
              "code": "chai.request(url).post(\"/api/orders\")\n  .set(\"Authorization\", `Bearer ${userInfo.token}`)\n  .set(\"Content-Type\", \"application/json\")\n  .send(orderInfo)\n  .end(function (error, res) {\n    expect(res).to.have.status(200);\n  });",
              "err": {},
              "uuid": "5089be67-7c85-4842-8a96-afd41c8c0830",
              "parentUUID": "52483271-18af-4b29-9a94-7476382a8fb3",
              "isHook": false,
              "skipped": false
            },
            {
              "title": " Generate Clean Power Certificate",
              "fullTitle": "Consume Scenarios  Generate Clean Power Certificate",
              "timedOut": false,
              "duration": 2,
              "state": "passed",
              "speed": "fast",
              "pass": true,
              "fail": false,
              "pending": false,
              "context": null,
              "code": "chai.request(url)\n.post(\"/api/cert/generate\")\n.send(certificate)\n.end(function (error, res) {\n  expect(res).to.have.status(200);\n});",
              "err": {},
              "uuid": "0e8bcf73-137b-42fe-9e8e-12dd57927797",
              "parentUUID": "52483271-18af-4b29-9a94-7476382a8fb3",
              "isHook": false,
              "skipped": false
            },
            {
              "title": "Get All Certificates",
              "fullTitle": "Consume Scenarios Get All Certificates",
              "timedOut": false,
              "duration": 1,
              "state": "passed",
              "speed": "fast",
              "pass": true,
              "fail": false,
              "pending": false,
              "context": null,
              "code": "chai.request(url)\n.get('/api/cert/test@soton.ac.uk')\n.set(\"Authorization\", `Bearer ${userInfo.token}`)\n.set(\"Content-Type\", \"application/json\")\n.end(function (error, res) {\n  cert = res.data[0];\n  expect(res).to.have.status(200);\n});",
              "err": {},
              "uuid": "5e6e83a2-a354-4884-b075-2a746508f613",
              "parentUUID": "52483271-18af-4b29-9a94-7476382a8fb3",
              "isHook": false,
              "skipped": false
            },
            {
              "title": "Redeem Certificate to add Clean Power Point in Account",
              "fullTitle": "Consume Scenarios Redeem Certificate to add Clean Power Point in Account",
              "timedOut": false,
              "duration": 1,
              "state": "passed",
              "speed": "fast",
              "pass": true,
              "fail": false,
              "pending": false,
              "context": null,
              "code": "chai.request(url)\n.post('/api/cert/redeem')\n.set(\"Authorization\", `Bearer ${userInfo.token}`)\n.set(\"Content-Type\", \"application/json\")\n.send({\"certno\":cert.certno})\n.end(function (error, res) {\n  console.log(JSON.stringify(res))\n  expect(res).to.have.status(200);\n});",
              "err": {},
              "uuid": "b1d27a5f-02dd-4f5a-bd47-25f0736fdf72",
              "parentUUID": "52483271-18af-4b29-9a94-7476382a8fb3",
              "isHook": false,
              "skipped": false
            },
            {
              "title": "Consume Clean Power Point in Gift Market",
              "fullTitle": "Consume Scenarios Consume Clean Power Point in Gift Market",
              "timedOut": false,
              "duration": 1,
              "state": "passed",
              "speed": "fast",
              "pass": true,
              "fail": false,
              "pending": false,
              "context": null,
              "code": "var newUser = userInfo;\nnewUser.cleanpowerpoint = newUser.cleanpowerpoint - 5;\nchai.request(url)\n.put(`api/users/profile/${newUser.email}`)\n.set(\"Authorization\", `Bearer ${userInfo.token}`)\n.set(\"Content-Type\", \"application/json\")\n.send(newUser)\n.end(function (error, res) {\n  console.log(\"Gift market token:\"+JSON.stringify(newUser))\n  console.log(JSON.stringify(res))\n  console.log(\"????????\")\n  //expect(2).to.equal(2)\n  expect(res).to.have.status(200);\n});",
              "err": {},
              "uuid": "3bb66fca-498e-4212-9f47-a88965751745",
              "parentUUID": "52483271-18af-4b29-9a94-7476382a8fb3",
              "isHook": false,
              "skipped": false
            },
            {
              "title": "Buy Clean Power Point in Point Market",
              "fullTitle": "Consume Scenarios Buy Clean Power Point in Point Market",
              "timedOut": false,
              "duration": 1,
              "state": "passed",
              "speed": "fast",
              "pass": true,
              "fail": false,
              "pending": false,
              "context": null,
              "code": "var newUser = userInfo;\nnewUser.cleanpowerpoint = newUser.cleanpowerpoint + 10;\nchai.request(url)\n.put(`api/users/profile/${newUser.email}`)\n.set(\"Authorization\", `Bearer ${userInfo.token}`)\n.set(\"Content-Type\", \"application/json\")\n.send(newUser)\n.end(function (error, res) {\n  expect(res).to.have.status(200);\n});",
              "err": {},
              "uuid": "ee13836e-86c0-4833-b48c-ae5d9ca98635",
              "parentUUID": "52483271-18af-4b29-9a94-7476382a8fb3",
              "isHook": false,
              "skipped": false
            }
          ],
          "suites": [],
          "passes": [
            "5089be67-7c85-4842-8a96-afd41c8c0830",
            "0e8bcf73-137b-42fe-9e8e-12dd57927797",
            "5e6e83a2-a354-4884-b075-2a746508f613",
            "b1d27a5f-02dd-4f5a-bd47-25f0736fdf72",
            "3bb66fca-498e-4212-9f47-a88965751745",
            "ee13836e-86c0-4833-b48c-ae5d9ca98635"
          ],
          "failures": [],
          "pending": [],
          "skipped": [],
          "duration": 7,
          "root": false,
          "rootEmpty": false,
          "_timeout": 2000
        }
      ],
      "passes": [],
      "failures": [],
      "pending": [],
      "skipped": [],
      "duration": 0,
      "root": true,
      "rootEmpty": true,
      "_timeout": 2000
    }
  ],
  "meta": {
    "mocha": {
      "version": "9.1.0"
    },
    "mochawesome": {
      "options": {
        "quiet": false,
        "reportFilename": "mochawesome",
        "saveHtml": true,
        "saveJson": true,
        "consoleReporter": "spec",
        "useInlineDiffs": false,
        "code": true
      },
      "version": "6.2.2"
    },
    "marge": {
      "options": null,
      "version": "5.2.0"
    }
  }
}