{
  "stats": {
    "suites": 3,
    "tests": 13,
    "passes": 13,
    "pending": 0,
    "failures": 0,
    "start": "2021-08-26T22:41:07.183Z",
    "end": "2021-08-26T22:41:07.234Z",
    "duration": 51,
    "testsRegistered": 13,
    "passPercent": 100,
    "pendingPercent": 0,
    "other": 0,
    "hasOther": false,
    "skipped": 0,
    "hasSkipped": false
  },
  "results": [
    {
      "uuid": "2c9b98e7-fd35-4880-9795-e20d49df160a",
      "title": "",
      "fullFile": "",
      "file": "",
      "beforeHooks": [],
      "afterHooks": [],
      "tests": [],
      "suites": [
        {
          "uuid": "f88f8d37-762d-446f-b180-82042b33ceb1",
          "title": "User module",
          "fullFile": "C:\\Users\\Zeff\\Desktop\\Final\\GitReposity\\power-trading-based-on-block-chain\\PowerShop\\backend\\mocha_test.js",
          "file": "\\backend\\mocha_test.js",
          "beforeHooks": [],
          "afterHooks": [],
          "tests": [
            {
              "title": "User register",
              "fullTitle": "User module User register",
              "timedOut": false,
              "duration": 13,
              "state": "passed",
              "speed": "fast",
              "pass": true,
              "fail": false,
              "pending": false,
              "context": null,
              "code": "chai.request(url).post(\"/api/users\").send({ name: user.name, email: user.email, password: user.password })\n  .end(function (error, res) {\n    userInfo = (JSON.parse(res.text))\n    console.log(\"user register:token:\"+(JSON.parse(res.text)).token)\n    expect(res.data.name).to.equal('test')\n    expect(res).to.have.status(200);\n  });",
              "err": {},
              "uuid": "af1290e2-dffe-4df2-82cb-7599892066cb",
              "parentUUID": "f88f8d37-762d-446f-b180-82042b33ceb1",
              "isHook": false,
              "skipped": false
            },
            {
              "title": "User login",
              "fullTitle": "User module User login",
              "timedOut": false,
              "duration": 2,
              "state": "passed",
              "speed": "fast",
              "pass": true,
              "fail": false,
              "pending": false,
              "context": null,
              "code": "chai.request(url).post(\"/api/users/login\").set(\"Content-Type\", \"application/json\").send({ email: userInfo.email, password: userInfo.password })\n  .end(function (error, res) {\n    //console.log(JSON.stringify(res))\n    //console.log(\"wocao!!!!!!!!\"+JSON.stringify(JSON.parse(res.text)))\n    userInfo.token = (JSON.parse(res.text)).token;\n    console.log(\"Login token:\"+userInfo.token)\n    expect(res).to.have.status(200);\n  });",
              "err": {},
              "uuid": "cb71fdbf-ee83-491d-9f06-a21f8097c86e",
              "parentUUID": "f88f8d37-762d-446f-b180-82042b33ceb1",
              "isHook": false,
              "skipped": false
            },
            {
              "title": "User profile update",
              "fullTitle": "User module User profile update",
              "timedOut": false,
              "duration": 1,
              "state": "passed",
              "speed": "fast",
              "pass": true,
              "fail": false,
              "pending": false,
              "context": null,
              "code": "chai.request(url).put(\"/api/users/profile/test@soton.ac.uk\")\n  .set(\"Authorization\", `Bearer ${userInfo.token}`)\n  .set(\"Content-Type\", \"application/json\")\n  .send(userInfo)\n  .end(function (error, res) {\n    //userInfo.token = JSON.parse(res.text).token;\n    //console.log(\"profile update token:\"+userInfo.token)\n    //expect(2).to.equal(2)\n    expect(res).to.have.status(200);\n  });",
              "err": {},
              "uuid": "f6b987e7-9e9d-48fd-9f6e-04ddfa432f0f",
              "parentUUID": "f88f8d37-762d-446f-b180-82042b33ceb1",
              "isHook": false,
              "skipped": false
            }
          ],
          "suites": [],
          "passes": [
            "af1290e2-dffe-4df2-82cb-7599892066cb",
            "cb71fdbf-ee83-491d-9f06-a21f8097c86e",
            "f6b987e7-9e9d-48fd-9f6e-04ddfa432f0f"
          ],
          "failures": [],
          "pending": [],
          "skipped": [],
          "duration": 16,
          "root": false,
          "rootEmpty": false,
          "_timeout": 2000
        },
        {
          "uuid": "41b14d6a-3124-4b62-9133-a42246bddf3f",
          "title": "Item browse module",
          "fullFile": "C:\\Users\\Zeff\\Desktop\\Final\\GitReposity\\power-trading-based-on-block-chain\\PowerShop\\backend\\mocha_test.js",
          "file": "\\backend\\mocha_test.js",
          "beforeHooks": [],
          "afterHooks": [],
          "tests": [
            {
              "title": "Power Market",
              "fullTitle": "Item browse module Power Market",
              "timedOut": false,
              "duration": 2,
              "state": "passed",
              "speed": "fast",
              "pass": true,
              "fail": false,
              "pending": false,
              "context": null,
              "code": "try {\n  chai.request(url)\n    .get('/api/products?category=power&keyword=&pageNumber')\n    .end(function (error, res) {\n      expect(res).to.have.status(200);\n    });\n} catch (error) {\n  console.log(\"11111111111\")\n}",
              "err": {},
              "uuid": "13c134e2-c684-4f2f-a7e3-ce1132d4b71c",
              "parentUUID": "41b14d6a-3124-4b62-9133-a42246bddf3f",
              "isHook": false,
              "skipped": false
            },
            {
              "title": "Gift Market",
              "fullTitle": "Item browse module Gift Market",
              "timedOut": false,
              "duration": 2,
              "state": "passed",
              "speed": "fast",
              "pass": true,
              "fail": false,
              "pending": false,
              "context": null,
              "code": "try {\n  chai.request(url)\n    .get('/api/products?category=gift&keyword=&pageNumber')\n    .end(function (error, res) {\n      expect(res).to.have.status(200);\n    });\n} catch (error) {\n  console.log(\"11111111111\")\n}",
              "err": {},
              "uuid": "84bfccae-b628-4831-adbf-f6e285e1aac2",
              "parentUUID": "41b14d6a-3124-4b62-9133-a42246bddf3f",
              "isHook": false,
              "skipped": false
            },
            {
              "title": "Point Market",
              "fullTitle": "Item browse module Point Market",
              "timedOut": false,
              "duration": 2,
              "state": "passed",
              "speed": "fast",
              "pass": true,
              "fail": false,
              "pending": false,
              "context": null,
              "code": "try {\n  chai.request(url)\n    .get('/api/products?category=point&keyword=&pageNumber')\n    .end(function (error, res) {\n      expect(res).to.have.status(200);\n    });\n} catch (error) {\n  console.log(\"11111111111\")\n}",
              "err": {},
              "uuid": "b03be672-bae8-42d4-a3ad-dfcbfe0faa85",
              "parentUUID": "41b14d6a-3124-4b62-9133-a42246bddf3f",
              "isHook": false,
              "skipped": false
            },
            {
              "title": "Product Detail",
              "fullTitle": "Item browse module Product Detail",
              "timedOut": false,
              "duration": 1,
              "state": "passed",
              "speed": "fast",
              "pass": true,
              "fail": false,
              "pending": false,
              "context": null,
              "code": "chai.request(url)\n  .get('/api/products/61231abf5781d75bead383ee')\n  .end(function (error, res) {\n    expect(res).to.have.status(200);\n  });",
              "err": {},
              "uuid": "e89b52a2-dc30-48fb-a902-866f0efc0efd",
              "parentUUID": "41b14d6a-3124-4b62-9133-a42246bddf3f",
              "isHook": false,
              "skipped": false
            }
          ],
          "suites": [],
          "passes": [
            "13c134e2-c684-4f2f-a7e3-ce1132d4b71c",
            "84bfccae-b628-4831-adbf-f6e285e1aac2",
            "b03be672-bae8-42d4-a3ad-dfcbfe0faa85",
            "e89b52a2-dc30-48fb-a902-866f0efc0efd"
          ],
          "failures": [],
          "pending": [],
          "skipped": [],
          "duration": 7,
          "root": false,
          "rootEmpty": false,
          "_timeout": 2000
        },
        {
          "uuid": "52852212-51ac-4c7a-bf6f-05d721fae1ca",
          "title": "Consume Scenarios",
          "fullFile": "C:\\Users\\Zeff\\Desktop\\Final\\GitReposity\\power-trading-based-on-block-chain\\PowerShop\\backend\\mocha_test.js",
          "file": "\\backend\\mocha_test.js",
          "beforeHooks": [],
          "afterHooks": [],
          "tests": [
            {
              "title": "Buy Clean Power",
              "fullTitle": "Consume Scenarios Buy Clean Power",
              "timedOut": false,
              "duration": 1,
              "state": "passed",
              "speed": "fast",
              "pass": true,
              "fail": false,
              "pending": false,
              "context": null,
              "code": "chai.request(url).post(\"/api/orders\")\n  .set(\"Authorization\", `Bearer ${userInfo.token}`)\n  .set(\"Content-Type\", \"application/json\")\n  .send(orderInfo)\n  .end(function (error, res) {\n    expect(res).to.have.status(200);\n  });",
              "err": {},
              "uuid": "21827e1f-1919-4bf5-a6ee-5b10d6faa634",
              "parentUUID": "52852212-51ac-4c7a-bf6f-05d721fae1ca",
              "isHook": false,
              "skipped": false
            },
            {
              "title": " Generate Clean Power Certificate",
              "fullTitle": "Consume Scenarios  Generate Clean Power Certificate",
              "timedOut": false,
              "duration": 1,
              "state": "passed",
              "speed": "fast",
              "pass": true,
              "fail": false,
              "pending": false,
              "context": null,
              "code": "chai.request(url)\n.post(\"/api/cert/generate\")\n.send(certificate)\n.end(function (error, res) {\n  expect(res).to.have.status(200);\n});",
              "err": {},
              "uuid": "cd3ef0d8-1379-4ce2-b2d9-1ed32b4372dc",
              "parentUUID": "52852212-51ac-4c7a-bf6f-05d721fae1ca",
              "isHook": false,
              "skipped": false
            },
            {
              "title": "Get All Certificates",
              "fullTitle": "Consume Scenarios Get All Certificates",
              "timedOut": false,
              "duration": 1,
              "state": "passed",
              "speed": "fast",
              "pass": true,
              "fail": false,
              "pending": false,
              "context": null,
              "code": "chai.request(url)\n.get('/api/cert/test@soton.ac.uk')\n.set(\"Authorization\", `Bearer ${userInfo.token}`)\n.set(\"Content-Type\", \"application/json\")\n.end(function (error, res) {\n  cert = res.data[0];\n  expect(res).to.have.status(200);\n});",
              "err": {},
              "uuid": "bb12090e-29c8-4b75-82fa-d4ef27852369",
              "parentUUID": "52852212-51ac-4c7a-bf6f-05d721fae1ca",
              "isHook": false,
              "skipped": false
            },
            {
              "title": "Redeem Certificate to add Clean Power Point in Account",
              "fullTitle": "Consume Scenarios Redeem Certificate to add Clean Power Point in Account",
              "timedOut": false,
              "duration": 1,
              "state": "passed",
              "speed": "fast",
              "pass": true,
              "fail": false,
              "pending": false,
              "context": null,
              "code": "chai.request(url)\n.post('/api/cert/redeem')\n.set(\"Authorization\", `Bearer ${userInfo.token}`)\n.set(\"Content-Type\", \"application/json\")\n.send({\"certno\":cert.certno})\n.end(function (error, res) {\n  console.log(JSON.stringify(res))\n  expect(res).to.have.status(200);\n});",
              "err": {},
              "uuid": "81a4b855-7156-40dc-bfdf-460fb81a0ee3",
              "parentUUID": "52852212-51ac-4c7a-bf6f-05d721fae1ca",
              "isHook": false,
              "skipped": false
            },
            {
              "title": "Consume Clean Power Point in Gift Market",
              "fullTitle": "Consume Scenarios Consume Clean Power Point in Gift Market",
              "timedOut": false,
              "duration": 2,
              "state": "passed",
              "speed": "fast",
              "pass": true,
              "fail": false,
              "pending": false,
              "context": null,
              "code": "var newUser = userInfo;\nnewUser.cleanpowerpoint = newUser.cleanpowerpoint - 5;\nchai.request(url)\n.put(`api/users/profile/${newUser.email}`)\n.set(\"Authorization\", `Bearer ${userInfo.token}`)\n.set(\"Content-Type\", \"application/json\")\n.send(newUser)\n.end(function (error, res) {\n  console.log(\"Gift market token:\"+JSON.stringify(newUser))\n  console.log(JSON.stringify(res))\n  console.log(\"????????\")\n  //expect(2).to.equal(2)\n  expect(res).to.have.status(200);\n});",
              "err": {},
              "uuid": "c05cd370-feb4-4edd-8a2e-a6d667aa94b3",
              "parentUUID": "52852212-51ac-4c7a-bf6f-05d721fae1ca",
              "isHook": false,
              "skipped": false
            },
            {
              "title": "Buy Clean Power Point in Point Market",
              "fullTitle": "Consume Scenarios Buy Clean Power Point in Point Market",
              "timedOut": false,
              "duration": 2,
              "state": "passed",
              "speed": "fast",
              "pass": true,
              "fail": false,
              "pending": false,
              "context": null,
              "code": "var newUser = userInfo;\nnewUser.cleanpowerpoint = newUser.cleanpowerpoint + 10;\nchai.request(url)\n.put(`api/users/profile/${newUser.email}`)\n.set(\"Authorization\", `Bearer ${userInfo.token}`)\n.set(\"Content-Type\", \"application/json\")\n.send(newUser)\n.end(function (error, res) {\n  expect(res).to.have.status(200);\n});",
              "err": {},
              "uuid": "021221e2-876a-4ec7-8e67-ba41537ea7f2",
              "parentUUID": "52852212-51ac-4c7a-bf6f-05d721fae1ca",
              "isHook": false,
              "skipped": false
            }
          ],
          "suites": [],
          "passes": [
            "21827e1f-1919-4bf5-a6ee-5b10d6faa634",
            "cd3ef0d8-1379-4ce2-b2d9-1ed32b4372dc",
            "bb12090e-29c8-4b75-82fa-d4ef27852369",
            "81a4b855-7156-40dc-bfdf-460fb81a0ee3",
            "c05cd370-feb4-4edd-8a2e-a6d667aa94b3",
            "021221e2-876a-4ec7-8e67-ba41537ea7f2"
          ],
          "failures": [],
          "pending": [],
          "skipped": [],
          "duration": 8,
          "root": false,
          "rootEmpty": false,
          "_timeout": 2000
        }
      ],
      "passes": [],
      "failures": [],
      "pending": [],
      "skipped": [],
      "duration": 0,
      "root": true,
      "rootEmpty": true,
      "_timeout": 2000
    }
  ],
  "meta": {
    "mocha": {
      "version": "9.1.0"
    },
    "mochawesome": {
      "options": {
        "quiet": false,
        "reportFilename": "mochawesome",
        "saveHtml": true,
        "saveJson": true,
        "consoleReporter": "spec",
        "useInlineDiffs": false,
        "code": true
      },
      "version": "6.2.2"
    },
    "marge": {
      "options": null,
      "version": "5.2.0"
    }
  }
}